{"total": {"lines":{"total":556,"covered":510,"skipped":0,"pct":91.72},"statements":{"total":556,"covered":510,"skipped":0,"pct":91.72},"functions":{"total":59,"covered":59,"skipped":0,"pct":100},"branches":{"total":158,"covered":119,"skipped":0,"pct":75.31},"branchesTrue":{"total":0,"covered":0,"skipped":0,"pct":100}}
,"D:\\last_shipu\\frontend\\app\\src\\api\\inventory.ts": {"lines":{"total":134,"covered":123,"skipped":0,"pct":91.79},"functions":{"total":8,"covered":8,"skipped":0,"pct":100},"statements":{"total":134,"covered":123,"skipped":0,"pct":91.79},"branches":{"total":21,"covered":15,"skipped":0,"pct":71.42}}
,"D:\\last_shipu\\frontend\\app\\src\\api\\mockStorage.ts": {"lines":{"total":20,"covered":19,"skipped":0,"pct":95},"functions":{"total":4,"covered":4,"skipped":0,"pct":100},"statements":{"total":20,"covered":19,"skipped":0,"pct":95},"branches":{"total":11,"covered":10,"skipped":0,"pct":90.9}}
,"D:\\last_shipu\\frontend\\app\\src\\api\\recipe.ts": {"lines":{"total":28,"covered":28,"skipped":0,"pct":100},"functions":{"total":1,"covered":1,"skipped":0,"pct":100},"statements":{"total":28,"covered":28,"skipped":0,"pct":100},"branches":{"total":4,"covered":3,"skipped":0,"pct":75}}
,"D:\\last_shipu\\frontend\\app\\src\\api\\shortcuts.ts": {"lines":{"total":99,"covered":88,"skipped":0,"pct":88.88},"functions":{"total":8,"covered":8,"skipped":0,"pct":100},"statements":{"total":99,"covered":88,"skipped":0,"pct":88.88},"branches":{"total":19,"covered":13,"skipped":0,"pct":68.42}}
,"D:\\last_shipu\\frontend\\app\\src\\stores\\chat.ts": {"lines":{"total":50,"covered":47,"skipped":0,"pct":94},"functions":{"total":10,"covered":10,"skipped":0,"pct":100},"statements":{"total":50,"covered":47,"skipped":0,"pct":94},"branches":{"total":14,"covered":13,"skipped":0,"pct":92.85}}
,"D:\\last_shipu\\frontend\\app\\src\\stores\\inventory.ts": {"lines":{"total":57,"covered":50,"skipped":0,"pct":87.71},"functions":{"total":6,"covered":6,"skipped":0,"pct":100},"statements":{"total":57,"covered":50,"skipped":0,"pct":87.71},"branches":{"total":17,"covered":11,"skipped":0,"pct":64.7}}
,"D:\\last_shipu\\frontend\\app\\src\\stores\\shortcuts.ts": {"lines":{"total":81,"covered":74,"skipped":0,"pct":91.35},"functions":{"total":9,"covered":9,"skipped":0,"pct":100},"statements":{"total":81,"covered":74,"skipped":0,"pct":91.35},"branches":{"total":25,"covered":17,"skipped":0,"pct":68}}
,"D:\\last_shipu\\frontend\\app\\src\\utils\\secureStorage.ts": {"lines":{"total":47,"covered":41,"skipped":0,"pct":87.23},"functions":{"total":7,"covered":7,"skipped":0,"pct":100},"statements":{"total":47,"covered":41,"skipped":0,"pct":87.23},"branches":{"total":15,"covered":11,"skipped":0,"pct":73.33}}
,"D:\\last_shipu\\frontend\\app\\src\\utils\\validation.ts": {"lines":{"total":40,"covered":40,"skipped":0,"pct":100},"functions":{"total":6,"covered":6,"skipped":0,"pct":100},"statements":{"total":40,"covered":40,"skipped":0,"pct":100},"branches":{"total":32,"covered":26,"skipped":0,"pct":81.25}}
}
